[18:11:17] [ServerMain/INFO]: Environment: authHost='https://authserver.mojang.com', accountsHost='https://api.mojang.com', sessionHost='https://sessionserver.mojang.com', servicesHost='https://api.minecraftservices.com', name='PROD'
[18:11:18] [ServerMain/WARN]: Failed to load datapacks, can't proceed with server load. You can either fix your datapacks or reset to vanilla with --safeMode
java.util.concurrent.ExecutionException: java.lang.IllegalStateException: Overworld settings missing
	at java.util.concurrent.CompletableFuture.reportGet(CompletableFuture.java:396) ~[?:?]
	at java.util.concurrent.CompletableFuture.get(CompletableFuture.java:2073) ~[?:?]
	at net.minecraft.server.Main.main(Main.java:289) ~[purpur-1.20.1.jar:git-Purpur-2062]
	at org.bukkit.craftbukkit.Main.main(Main.java:338) ~[purpur-1.20.1.jar:git-Purpur-2062]
	at io.papermc.paperclip.Paperclip.lambda$main$0(Paperclip.java:42) ~[app:?]
	at java.lang.Thread.run(Thread.java:1583) ~[?:?]
Caused by: java.lang.IllegalStateException: Overworld settings missing
	at net.minecraft.world.level.levelgen.WorldDimensions.<init>(WorldDimensions.java:42) ~[purpur-1.20.1.jar:git-Purpur-2062]
	at com.mojang.serialization.codecs.RecordCodecBuilder$Instance$1.lambda$decode$0(RecordCodecBuilder.java:185) ~[datafixerupper-6.0.8.jar:?]
	at com.mojang.datafixers.util.Either$Left.mapBoth(Either.java:33) ~[purpur-1.20.1.jar:?]
	at com.mojang.serialization.DataResult.map(DataResult.java:111) ~[datafixerupper-6.0.8.jar:?]
	at com.mojang.serialization.codecs.RecordCodecBuilder$Instance$1.lambda$decode$1(RecordCodecBuilder.java:184) ~[datafixerupper-6.0.8.jar:?]
	at com.mojang.serialization.DataResult.lambda$flatMap$15(DataResult.java:144) ~[datafixerupper-6.0.8.jar:?]
	at java.util.Optional.map(Optional.java:260) ~[?:?]
	at com.mojang.serialization.DataResult.lambda$flatMap$17(DataResult.java:143) ~[datafixerupper-6.0.8.jar:?]
	at com.mojang.datafixers.util.Either$Right.map(Either.java:99) ~[purpur-1.20.1.jar:?]
	at com.mojang.serialization.DataResult.flatMap(DataResult.java:137) ~[datafixerupper-6.0.8.jar:?]
	at com.mojang.serialization.codecs.RecordCodecBuilder$Instance$1.decode(RecordCodecBuilder.java:183) ~[datafixerupper-6.0.8.jar:?]
	at com.mojang.serialization.codecs.RecordCodecBuilder$2.decode(RecordCodecBuilder.java:107) ~[datafixerupper-6.0.8.jar:?]
	at com.mojang.serialization.codecs.RecordCodecBuilder$Instance$3.decode(RecordCodecBuilder.java:249) ~[datafixerupper-6.0.8.jar:?]
	at com.mojang.serialization.codecs.RecordCodecBuilder$2.decode(RecordCodecBuilder.java:107) ~[datafixerupper-6.0.8.jar:?]
	at com.mojang.serialization.MapDecoder.lambda$compressedDecode$1(MapDecoder.java:52) ~[datafixerupper-6.0.8.jar:?]
	at com.mojang.serialization.DataResult.lambda$flatMap$11(DataResult.java:139) ~[datafixerupper-6.0.8.jar:?]
	at com.mojang.datafixers.util.Either$Left.map(Either.java:38) ~[purpur-1.20.1.jar:?]
	at com.mojang.serialization.DataResult.flatMap(DataResult.java:137) ~[datafixerupper-6.0.8.jar:?]
	at com.mojang.serialization.MapDecoder.compressedDecode(MapDecoder.java:52) ~[datafixerupper-6.0.8.jar:?]
	at com.mojang.serialization.MapCodec$MapCodecCodec.decode(MapCodec.java:91) ~[datafixerupper-6.0.8.jar:?]
	at com.mojang.serialization.Decoder.decode(Decoder.java:22) ~[datafixerupper-6.0.8.jar:?]
	at com.mojang.serialization.Decoder.parse(Decoder.java:26) ~[datafixerupper-6.0.8.jar:?]
	at net.minecraft.world.level.storage.LevelStorageSource.readWorldGenSettings(LevelStorageSource.java:158) ~[?:?]
	at net.minecraft.world.level.storage.LevelStorageSource.lambda$getLevelData$4(LevelStorageSource.java:312) ~[?:?]
	at net.minecraft.world.level.storage.LevelStorageSource.readLevelData(LevelStorageSource.java:264) ~[?:?]
	at net.minecraft.world.level.storage.LevelStorageSource$LevelStorageAccess.getDataTag(LevelStorageSource.java:551) ~[?:?]
	at net.minecraft.server.Main.lambda$main$1(Main.java:262) ~[purpur-1.20.1.jar:git-Purpur-2062]
	at net.minecraft.server.WorldLoader.load(WorldLoader.java:35) ~[purpur-1.20.1.jar:git-Purpur-2062]
	at net.minecraft.server.Main.lambda$main$2(Main.java:258) ~[purpur-1.20.1.jar:git-Purpur-2062]
	at net.minecraft.Util.blockUntilDone(Util.java:821) ~[?:?]
	at net.minecraft.Util.blockUntilDone(Util.java:816) ~[?:?]
	at net.minecraft.server.Main.main(Main.java:257) ~[purpur-1.20.1.jar:git-Purpur-2062]
	... 3 more
